2020-09-24 13:46:24.124  INFO 39588 --- [main] c.e.d.h.step.DemoHappyStepApplication    : Starting DemoHappyStepApplication on DESKTOP-AHOL2NG with PID 39588 (D:\workspace\demo\demo-happy-step\target\classes started by 34616 in D:\workspace\demo\demo-happy-step)
2020-09-24 13:46:24.139  INFO 39588 --- [main] c.e.d.h.step.DemoHappyStepApplication    : No active profile set, falling back to default profiles: default
2020-09-24 13:46:24.566  INFO 39588 --- [main] c.e.d.h.step.DemoHappyStepApplication    : Started DemoHappyStepApplication in 0.769 seconds (JVM running for 2.75)
2020-09-24 13:47:01.205  INFO 39400 --- [main] c.e.d.h.step.DemoHappyStepApplication    : Starting DemoHappyStepApplication on DESKTOP-AHOL2NG with PID 39400 (D:\workspace\demo\demo-happy-step\target\classes started by 34616 in D:\workspace\demo\demo-happy-step)
2020-09-24 13:47:01.208  INFO 39400 --- [main] c.e.d.h.step.DemoHappyStepApplication    : No active profile set, falling back to default profiles: default
2020-09-24 13:47:01.659  INFO 39400 --- [main] c.e.d.h.step.DemoHappyStepApplication    : Started DemoHappyStepApplication in 0.845 seconds (JVM running for 2.195)
2020-09-24 13:47:10.001  INFO 39400 --- [pool-1-thread-1] c.example.demo.happy.step.task.StepTask  : 【准备同步步数】等待0分钟------------------------------------
2020-09-24 13:47:15.828  INFO 39400 --- [pool-1-thread-1] c.example.demo.happy.step.task.StepTask  : ==============【读取token失败】=========,java.io.FileNotFoundException: log\token (系统找不到指定的文件。)
2020-09-24 13:47:18.378  INFO 39400 --- [pool-1-thread-1] c.example.demo.happy.step.task.StepTask  : ==============【登录接口参数】loginUrl=https://sports.lifesense.com/sessions_service/login?systemType=2&version=4.6.7, params={"appType":6,"clientId":"88888","loginName":"15090508234","password":"c33367701511b4f6020ec61ded352059","roleType":0}, header={Content-Type=application/json; charset=utf-8}
2020-09-24 13:47:23.152  INFO 39400 --- [pool-1-thread-1] c.example.demo.happy.step.task.StepTask  : ==============【登录接口结果】result={"code":200,"msg":"成功","data":{"exist":false,"hasMobile":false,"hasEmail":false,"userId":"27231098","accessToken":"D2A6AFB93531605DBE56DC2EEE74C4C9C7B227AD040AB9F11531814553FC1853C68156515BACC838014A338CFE836AD72C7111C96C746D3F759D69E44C9BF5E2D3263F5618329E3BB2E162301EA0522FE4C3B512127B1F7A90643C366134F812.B2279F2CB47FB76F566FA82AA3F5CF91DD714387D6776B6BD1590FDB0E8360C8","expireAt":1603518442404,"userType":99,"needInfo":false}}

2020-09-24 13:47:23.251  INFO 39400 --- [pool-1-thread-1] c.example.demo.happy.step.task.StepTask  : ==============【登录成功】====================
2020-09-24 13:47:23.252  INFO 39400 --- [pool-1-thread-1] c.example.demo.happy.step.task.StepTask  : ==============【写入token失败】=========,java.lang.NullPointerException
2020-09-24 13:47:23.254  INFO 39400 --- [pool-1-thread-1] c.example.demo.happy.step.task.StepTask  : 【登录成功】写入：accessToken=null, userId=null
2020-09-24 13:47:23.255  INFO 39400 --- [pool-1-thread-1] c.example.demo.happy.step.task.StepTask  : ============== 【更新步数参数】 updateUrl=https://sports.lifesense.com/sport_service/sport/sport/uploadMobileStepV2?version=4.5&systemType=2, params={"list":[{"DataSource":2,"active":1,"calories":"6691","dataSource":2,"deviceId":"M_NULL","distance":8922,"exerciseTime":0,"isUpload":0,"measurementTime":"2020-09-24 13:47:23","priority":0,"step":26767,"type":2,"updated":1600926443255,"userId":null}]};, header={Cookie=accessToken=null, Content-Type=application/json; charset=utf-8}
2020-09-24 13:47:23.298  INFO 39400 --- [pool-1-thread-1] c.example.demo.happy.step.task.StepTask  : ============== 【更新步数结果】result={"code":401,"msg":"客户端未登录"}

2020-09-24 13:47:23.299  INFO 39400 --- [pool-1-thread-1] c.example.demo.happy.step.task.StepTask  : ==============【同步步数失败】result={"msg":"客户端未登录","code":401}
2020-09-24 13:47:23.311  INFO 39400 --- [pool-1-thread-1] c.example.demo.happy.step.task.StepTask  : ==============【同步步数失败】准备重新尝试.................
2020-09-24 13:47:23.312  INFO 39400 --- [pool-1-thread-1] c.example.demo.happy.step.task.StepTask  : ==============【登录接口参数】loginUrl=https://sports.lifesense.com/sessions_service/login?systemType=2&version=4.6.7, params={"appType":6,"clientId":"88888","loginName":"15090508234","password":"c33367701511b4f6020ec61ded352059","roleType":0}, header={Content-Type=application/json; charset=utf-8}
2020-09-24 13:47:23.395  INFO 39400 --- [pool-1-thread-1] c.example.demo.happy.step.task.StepTask  : ==============【登录接口结果】result={"code":200,"msg":"成功","data":{"exist":false,"hasMobile":false,"hasEmail":false,"userId":"27231098","accessToken":"D2A6AFB93531605DBE56DC2EEE74C4C9C7B227AD040AB9F11531814553FC18537C74F38B110CE866859EF36EAAE12ED3FAE034BE084B75CD4936F298A76D595DBFB34D1AF27EB1917E4C7FA01FE48B133010B1B70424DA9F33CB7260979F9969.D2BC88ED285A300FD64B2466CFAE95855600E9ADB96634961CA1897CA05F7F30","expireAt":1603518442652,"userType":99,"needInfo":false}}

2020-09-24 13:47:23.396  INFO 39400 --- [pool-1-thread-1] c.example.demo.happy.step.task.StepTask  : ==============【登录成功】====================
2020-09-24 13:47:23.397  INFO 39400 --- [pool-1-thread-1] c.example.demo.happy.step.task.StepTask  : ==============【写入token失败】=========,java.lang.NullPointerException
2020-09-24 13:47:23.400  INFO 39400 --- [pool-1-thread-1] c.example.demo.happy.step.task.StepTask  : 【登录成功】写入：accessToken=null, userId=null
2020-09-24 13:47:23.401  INFO 39400 --- [pool-1-thread-1] c.example.demo.happy.step.task.StepTask  : ============== 【更新步数参数】 updateUrl=https://sports.lifesense.com/sport_service/sport/sport/uploadMobileStepV2?version=4.5&systemType=2, params={"list":[{"DataSource":2,"active":1,"calories":"6691","dataSource":2,"deviceId":"M_NULL","distance":8922,"exerciseTime":0,"isUpload":0,"measurementTime":"2020-09-24 13:47:23","priority":0,"step":26767,"type":2,"updated":1600926443400,"userId":null}]};, header={Cookie=accessToken=null, Content-Type=application/json; charset=utf-8}
2020-09-24 13:47:23.444  INFO 39400 --- [pool-1-thread-1] c.example.demo.happy.step.task.StepTask  : ============== 【更新步数结果】result={"code":401,"msg":"客户端未登录"}

2020-09-24 13:47:23.445  INFO 39400 --- [pool-1-thread-1] c.example.demo.happy.step.task.StepTask  : ==============【同步步数失败】result={"msg":"客户端未登录","code":401}
2020-09-24 13:49:14.504  INFO 39864 --- [main] c.e.d.h.step.DemoHappyStepApplication    : Starting DemoHappyStepApplication on DESKTOP-AHOL2NG with PID 39864 (D:\workspace\demo\demo-happy-step\target\classes started by 34616 in D:\workspace\demo\demo-happy-step)
2020-09-24 13:49:14.507  INFO 39864 --- [main] c.e.d.h.step.DemoHappyStepApplication    : No active profile set, falling back to default profiles: default
2020-09-24 13:49:15.030  INFO 39864 --- [main] c.e.d.h.step.DemoHappyStepApplication    : Started DemoHappyStepApplication in 0.938 seconds (JVM running for 2.165)
2020-09-24 13:50:00.001  INFO 39864 --- [pool-1-thread-1] c.example.demo.happy.step.task.StepTask  : 【准备同步步数】等待0分钟------------------------------------
2020-09-24 13:50:00.006  INFO 39864 --- [pool-1-thread-1] c.example.demo.happy.step.task.StepTask  : ==============【登录接口参数】loginUrl=https://sports.lifesense.com/sessions_service/login?systemType=2&version=4.6.7, params={"appType":6,"clientId":"88888","loginName":"15090508234","password":"c33367701511b4f6020ec61ded352059","roleType":0}, header={Content-Type=application/json; charset=utf-8}
2020-09-24 13:50:00.883  INFO 39864 --- [pool-1-thread-1] c.example.demo.happy.step.task.StepTask  : ==============【登录接口结果】result={"code":200,"msg":"成功","data":{"exist":false,"hasMobile":false,"hasEmail":false,"userId":"27231098","accessToken":"D2A6AFB93531605DBE56DC2EEE74C4C9C7B227AD040AB9F11531814553FC1853F4B33272BFBA595DE63C019360775A9115A5E9480515AD24EE787983F8E58B4CA8C21378D522362AACEEE0712C89C327BFBC000A77EBEEF0E2F511366876BBDD.2CEE13243F6D137D0A46751500F9A5701E436525CB712BBB660991A352D2F6D3","expireAt":1603518600140,"userType":99,"needInfo":false}}

2020-09-24 13:50:00.917  INFO 39864 --- [pool-1-thread-1] c.example.demo.happy.step.task.StepTask  : ==============【登录成功】====================
2020-09-24 13:50:00.917  INFO 39864 --- [pool-1-thread-1] c.example.demo.happy.step.task.StepTask  : ==============【写入token失败】=========,java.lang.NullPointerException
2020-09-24 13:50:00.919  INFO 39864 --- [pool-1-thread-1] c.example.demo.happy.step.task.StepTask  : 【登录成功】写入：accessToken=null, userId=null
2020-09-24 13:50:00.919  INFO 39864 --- [pool-1-thread-1] c.example.demo.happy.step.task.StepTask  : ============== 【更新步数参数】 updateUrl=https://sports.lifesense.com/sport_service/sport/sport/uploadMobileStepV2?version=4.5&systemType=2, params={"list":[{"DataSource":2,"active":1,"calories":"6666","dataSource":2,"deviceId":"M_NULL","distance":8888,"exerciseTime":0,"isUpload":0,"measurementTime":"2020-09-24 13:50:00","priority":0,"step":26666,"type":2,"updated":1600926600919,"userId":null}]};, header={Cookie=accessToken=null, Content-Type=application/json; charset=utf-8}
2020-09-24 13:50:00.964  INFO 39864 --- [pool-1-thread-1] c.example.demo.happy.step.task.StepTask  : ============== 【更新步数结果】result={"code":401,"msg":"客户端未登录"}

2020-09-24 13:50:00.964  INFO 39864 --- [pool-1-thread-1] c.example.demo.happy.step.task.StepTask  : ==============【同步步数失败】result={"msg":"客户端未登录","code":401}
2020-09-24 13:50:00.968  INFO 39864 --- [pool-1-thread-1] c.example.demo.happy.step.task.StepTask  : ==============【同步步数失败】准备重新尝试.................
2020-09-24 13:50:00.968  INFO 39864 --- [pool-1-thread-1] c.example.demo.happy.step.task.StepTask  : ==============【登录接口参数】loginUrl=https://sports.lifesense.com/sessions_service/login?systemType=2&version=4.6.7, params={"appType":6,"clientId":"88888","loginName":"15090508234","password":"c33367701511b4f6020ec61ded352059","roleType":0}, header={Content-Type=application/json; charset=utf-8}
2020-09-24 13:50:01.040  INFO 39864 --- [pool-1-thread-1] c.example.demo.happy.step.task.StepTask  : ==============【登录接口结果】result={"code":200,"msg":"成功","data":{"exist":false,"hasMobile":false,"hasEmail":false,"userId":"27231098","accessToken":"D2A6AFB93531605DBE56DC2EEE74C4C9C7B227AD040AB9F11531814553FC1853582DD97E2D5EBDABA2A3E610F8BE8E544B3F9D8FE685D273F4FF8C7921D5191AB933ADEA6A1BFFEC1E7B9C276B42FA3D8FB600BE9EFC6B0C9951546FD519EBC7.BAAFD3D4908411590010C14B0458C5E603DFB64E6864B350D20F95E5A1A989E8","expireAt":1603518600300,"userType":99,"needInfo":false}}

2020-09-24 13:50:01.040  INFO 39864 --- [pool-1-thread-1] c.example.demo.happy.step.task.StepTask  : ==============【登录成功】====================
2020-09-24 13:50:01.041  INFO 39864 --- [pool-1-thread-1] c.example.demo.happy.step.task.StepTask  : ==============【写入token失败】=========,java.lang.NullPointerException
2020-09-24 13:50:01.041  INFO 39864 --- [pool-1-thread-1] c.example.demo.happy.step.task.StepTask  : 【登录成功】写入：accessToken=null, userId=null
2020-09-24 13:50:01.042  INFO 39864 --- [pool-1-thread-1] c.example.demo.happy.step.task.StepTask  : ============== 【更新步数参数】 updateUrl=https://sports.lifesense.com/sport_service/sport/sport/uploadMobileStepV2?version=4.5&systemType=2, params={"list":[{"DataSource":2,"active":1,"calories":"6666","dataSource":2,"deviceId":"M_NULL","distance":8888,"exerciseTime":0,"isUpload":0,"measurementTime":"2020-09-24 13:50:01","priority":0,"step":26666,"type":2,"updated":1600926601042,"userId":null}]};, header={Cookie=accessToken=null, Content-Type=application/json; charset=utf-8}
2020-09-24 13:50:01.081  INFO 39864 --- [pool-1-thread-1] c.example.demo.happy.step.task.StepTask  : ============== 【更新步数结果】result={"code":401,"msg":"客户端未登录"}

2020-09-24 13:50:01.081  INFO 39864 --- [pool-1-thread-1] c.example.demo.happy.step.task.StepTask  : ==============【同步步数失败】result={"msg":"客户端未登录","code":401}
2020-09-24 13:51:00.002  INFO 39864 --- [pool-1-thread-1] c.example.demo.happy.step.task.StepTask  : 【准备同步步数】等待0分钟------------------------------------
2020-09-24 13:51:11.257  INFO 39864 --- [pool-1-thread-1] c.example.demo.happy.step.task.StepTask  : ==============【登录接口参数】loginUrl=https://sports.lifesense.com/sessions_service/login?systemType=2&version=4.6.7, params={"appType":6,"clientId":"88888","loginName":"15090508234","password":"c33367701511b4f6020ec61ded352059","roleType":0}, header={Content-Type=application/json; charset=utf-8}
2020-09-24 13:51:11.441  INFO 39864 --- [pool-1-thread-1] c.example.demo.happy.step.task.StepTask  : ==============【登录接口结果】result={"code":200,"msg":"成功","data":{"exist":false,"hasMobile":false,"hasEmail":false,"userId":"27231098","accessToken":"D2A6AFB93531605DBE56DC2EEE74C4C9C7B227AD040AB9F11531814553FC18530858DC45AE78DFC67AD941EC4E8AEE27A739C4AAA6D224949F42CCD7147A7F39FA5E008CA1A69F1CFC3FAD896061CE7BCBF03B4ACD4A1F2BB83D7DA628745233.E4A1305EAD916455CEC9EEFAA620213909299FD1A9250C1403E85618288E7605","expireAt":1603518670696,"userType":99,"needInfo":false}}

2020-09-24 13:52:21.446  INFO 39864 --- [pool-1-thread-1] c.example.demo.happy.step.task.StepTask  : ==============【登录成功】====================
2020-09-24 13:52:21.448  INFO 39864 --- [pool-1-thread-1] c.example.demo.happy.step.task.StepTask  : ==============【写入token失败】=========,java.lang.NullPointerException
2020-09-24 13:52:21.449  INFO 39864 --- [pool-1-thread-1] c.example.demo.happy.step.task.StepTask  : 【登录成功】写入：accessToken=null, userId=null
2020-09-24 13:52:21.449  INFO 39864 --- [pool-1-thread-1] c.example.demo.happy.step.task.StepTask  : ============== 【更新步数参数】 updateUrl=https://sports.lifesense.com/sport_service/sport/sport/uploadMobileStepV2?version=4.5&systemType=2, params={"list":[{"DataSource":2,"active":1,"calories":"6687","dataSource":2,"deviceId":"M_NULL","distance":8916,"exerciseTime":0,"isUpload":0,"measurementTime":"2020-09-24 13:52:21","priority":0,"step":26749,"type":2,"updated":1600926741449,"userId":null}]};, header={Cookie=accessToken=null, Content-Type=application/json; charset=utf-8}
2020-09-24 13:52:23.907  INFO 39864 --- [pool-1-thread-1] c.example.demo.happy.step.task.StepTask  : ============== 【更新步数结果】result={"code":401,"msg":"客户端未登录"}

2020-09-24 13:52:23.908  INFO 39864 --- [pool-1-thread-1] c.example.demo.happy.step.task.StepTask  : ==============【同步步数失败】result={"msg":"客户端未登录","code":401}
2020-09-24 13:52:23.908  INFO 39864 --- [pool-1-thread-1] c.example.demo.happy.step.task.StepTask  : ==============【同步步数失败】准备重新尝试.................
2020-09-24 13:52:23.908  INFO 39864 --- [pool-1-thread-1] c.example.demo.happy.step.task.StepTask  : ==============【登录接口参数】loginUrl=https://sports.lifesense.com/sessions_service/login?systemType=2&version=4.6.7, params={"appType":6,"clientId":"88888","loginName":"15090508234","password":"c33367701511b4f6020ec61ded352059","roleType":0}, header={Content-Type=application/json; charset=utf-8}
2020-09-24 13:53:11.109  INFO 39608 --- [main] c.e.d.h.step.DemoHappyStepApplication    : Starting DemoHappyStepApplication on DESKTOP-AHOL2NG with PID 39608 (D:\workspace\demo\demo-happy-step\target\classes started by 34616 in D:\workspace\demo\demo-happy-step)
2020-09-24 13:53:11.113  INFO 39608 --- [main] c.e.d.h.step.DemoHappyStepApplication    : No active profile set, falling back to default profiles: default
2020-09-24 13:53:11.641  INFO 39608 --- [main] c.e.d.h.step.DemoHappyStepApplication    : Started DemoHappyStepApplication in 0.898 seconds (JVM running for 2.095)
2020-09-24 13:54:00.001  INFO 39608 --- [pool-1-thread-1] c.example.demo.happy.step.task.StepTask  : 【准备同步步数】等待0分钟------------------------------------
2020-09-24 13:54:00.013  INFO 39608 --- [pool-1-thread-1] c.example.demo.happy.step.task.StepTask  : ==============【登录接口参数】loginUrl=https://sports.lifesense.com/sessions_service/login?systemType=2&version=4.6.7, params={"appType":6,"clientId":"88888","loginName":"15090508234","password":"c33367701511b4f6020ec61ded352059","roleType":0}, header={Content-Type=application/json; charset=utf-8}
2020-09-24 13:54:01.065  INFO 39608 --- [pool-1-thread-1] c.example.demo.happy.step.task.StepTask  : ==============【登录接口结果】result={"code":200,"msg":"成功","data":{"exist":false,"hasMobile":false,"hasEmail":false,"userId":"27231098","accessToken":"D2A6AFB93531605DBE56DC2EEE74C4C9C7B227AD040AB9F11531814553FC1853DC3352502A2952761BB4CA63D018165D9DD25BFB8C7DA1341DBF90BEBA791440577AC60569BEEEEE65136DE9842D2E32894076231B91DEDAC0801AFB6EA6E768.95B73E864A29C4E4ADFE5DB2EC8F4DE05ACDBD0B3564B47B7090ACCE3FB013F3","expireAt":1603518840323,"userType":99,"needInfo":false}}

2020-09-24 13:54:01.099  INFO 39608 --- [pool-1-thread-1] c.example.demo.happy.step.task.StepTask  : ==============【登录成功】====================
2020-09-24 13:54:01.100  INFO 39608 --- [pool-1-thread-1] c.example.demo.happy.step.task.StepTask  : 【登录成功】写入：accessToken=D2A6AFB93531605DBE56DC2EEE74C4C9C7B227AD040AB9F11531814553FC1853DC3352502A2952761BB4CA63D018165D9DD25BFB8C7DA1341DBF90BEBA791440577AC60569BEEEEE65136DE9842D2E32894076231B91DEDAC0801AFB6EA6E768.95B73E864A29C4E4ADFE5DB2EC8F4DE05ACDBD0B3564B47B7090ACCE3FB013F3, userId=27231098
2020-09-24 13:54:01.101  INFO 39608 --- [pool-1-thread-1] c.example.demo.happy.step.task.StepTask  : ============== 【更新步数参数】 updateUrl=https://sports.lifesense.com/sport_service/sport/sport/uploadMobileStepV2?version=4.5&systemType=2, params={"list":[{"DataSource":2,"active":1,"calories":"6627","dataSource":2,"deviceId":"M_NULL","distance":8836,"exerciseTime":0,"isUpload":0,"measurementTime":"2020-09-24 13:54:01","priority":0,"step":26508,"type":2,"updated":1600926841100,"userId":27231098}]};, header={Cookie=accessToken=D2A6AFB93531605DBE56DC2EEE74C4C9C7B227AD040AB9F11531814553FC1853DC3352502A2952761BB4CA63D018165D9DD25BFB8C7DA1341DBF90BEBA791440577AC60569BEEEEE65136DE9842D2E32894076231B91DEDAC0801AFB6EA6E768.95B73E864A29C4E4ADFE5DB2EC8F4DE05ACDBD0B3564B47B7090ACCE3FB013F3, Content-Type=application/json; charset=utf-8}
2020-09-24 13:54:01.172  INFO 39608 --- [pool-1-thread-1] c.example.demo.happy.step.task.StepTask  : ============== 【更新步数结果】result={"code":200,"msg":"成功","data":{"pedometerRecordHourlyList":[{"id":"c78e6b791a5b41cfba74e0185db383af","userId":27231098,"deviceId":"M_NULL","measurementTime":"2020-09-24 00:00:00","step":"0,0,0,0,0,0,0,0,22222,0,0,0,0,26508,0,0,0,0,0,0,0,0,0,0","calories":"0,0,0,0,0,0,0,0,555.00,0,0,0,0,6627.00,0,0,0,0,0,0,0,0,0,0","distance":"0,0,0,0,0,0,0,0,13333.00,0,0,0,0,8836.00,0,0,0,0,0,0,0,0,0,0","dataSource":2,"created":"2020-09-24 08:00:54","active":0,"updated":1600926840432}]}}

2020-09-24 13:54:01.172  INFO 39608 --- [pool-1-thread-1] c.example.demo.happy.step.task.StepTask  : ==============【同步步数成功】result={"msg":"成功","code":200,"data":{"pedometerRecordHourlyList":[{"distance":"0,0,0,0,0,0,0,0,13333.00,0,0,0,0,8836.00,0,0,0,0,0,0,0,0,0,0","created":"2020-09-24 08:00:54","measurementTime":"2020-09-24 00:00:00","active":0,"step":"0,0,0,0,0,0,0,0,22222,0,0,0,0,26508,0,0,0,0,0,0,0,0,0,0","id":"c78e6b791a5b41cfba74e0185db383af","calories":"0,0,0,0,0,0,0,0,555.00,0,0,0,0,6627.00,0,0,0,0,0,0,0,0,0,0","userId":27231098,"deviceId":"M_NULL","dataSource":2,"updated":1600926840432}]}}
2020-09-24 13:55:00.002  INFO 39608 --- [pool-1-thread-1] c.example.demo.happy.step.task.StepTask  : 【准备同步步数】等待0分钟------------------------------------
2020-09-24 13:55:00.002  INFO 39608 --- [pool-1-thread-1] c.example.demo.happy.step.task.StepTask  : ============== 【更新步数参数】 updateUrl=https://sports.lifesense.com/sport_service/sport/sport/uploadMobileStepV2?version=4.5&systemType=2, params={"list":[{"DataSource":2,"active":1,"calories":"6646","dataSource":2,"deviceId":"M_NULL","distance":8861,"exerciseTime":0,"isUpload":0,"measurementTime":"2020-09-24 13:55:00","priority":0,"step":26585,"type":2,"updated":1600926900002,"userId":27231098}]};, header={Cookie=accessToken=D2A6AFB93531605DBE56DC2EEE74C4C9C7B227AD040AB9F11531814553FC1853DC3352502A2952761BB4CA63D018165D9DD25BFB8C7DA1341DBF90BEBA791440577AC60569BEEEEE65136DE9842D2E32894076231B91DEDAC0801AFB6EA6E768.95B73E864A29C4E4ADFE5DB2EC8F4DE05ACDBD0B3564B47B7090ACCE3FB013F3, Content-Type=application/json; charset=utf-8}
2020-09-24 13:55:00.186  INFO 39608 --- [pool-1-thread-1] c.example.demo.happy.step.task.StepTask  : ============== 【更新步数结果】result={"code":200,"msg":"成功","data":{"pedometerRecordHourlyList":[{"id":"c78e6b791a5b41cfba74e0185db383af","userId":27231098,"deviceId":"M_NULL","measurementTime":"2020-09-24 00:00:00","step":"0,0,0,0,0,0,0,0,22222,0,0,0,0,26585,0,0,0,0,0,0,0,0,0,0","calories":"0,0,0,0,0,0,0,0,555.00,0,0,0,0,6646.00,0,0,0,0,0,0,0,0,0,0","distance":"0,0,0,0,0,0,0,0,13333.00,0,0,0,0,8861.00,0,0,0,0,0,0,0,0,0,0","dataSource":2,"created":"2020-09-24 08:00:54","active":0,"updated":1600926899440}]}}

2020-09-24 13:55:00.187  INFO 39608 --- [pool-1-thread-1] c.example.demo.happy.step.task.StepTask  : ==============【同步步数成功】
